<?xml version="1.0" encoding="UTF-8"?>
<!-- Generated by org.testng.reporters.JUnitReportReporter -->
<testsuite hostname="LAPTOP-5SF9L84S" failures="0" tests="10" name="testcases.JobTest" time="0.000" errors="0" timestamp="2023-09-08T18:45:21 IST" skipped="10">
  <testcase classname="testcases.JobTest" name="changeJobDetails" time="0.000">
    <skipped/>
  </testcase> <!-- changeJobDetails -->
  <system-out/>
  <testcase classname="testcases.JobTest" name="addEmploymentContractDetailsUnderJob" time="0.000">
    <skipped/>
  </testcase> <!-- addEmploymentContractDetailsUnderJob -->
  <system-out/>
  <testcase classname="testcases.JobTest" name="addEmploymentContractDetailsWhenContractStartDateGreaterThanEndDate" time="0.000">
    <skipped/>
  </testcase> <!-- addEmploymentContractDetailsWhenContractStartDateGreaterThanEndDate -->
  <system-out/>
  <testcase classname="testcases.JobTest" name="replaceExistingEmploymentContractDetailsFile" time="0.000">
    <skipped/>
  </testcase> <!-- replaceExistingEmploymentContractDetailsFile -->
  <system-out/>
  <testcase classname="testcases.JobTest" name="deleteExistingEmploymentContractDetailsFile" time="0.000">
    <skipped/>
  </testcase> <!-- deleteExistingEmploymentContractDetailsFile -->
  <system-out/>
  <testcase classname="testcases.JobTest" name="terminateEmployment" time="0.000">
    <skipped/>
  </testcase> <!-- terminateEmployment -->
  <system-out/>
  <testcase classname="testcases.JobTest" name="activateEmployment" time="0.000">
    <skipped/>
  </testcase> <!-- activateEmployment -->
  <system-out/>
  <testcase classname="testcases.JobTest" name="addAttachmentUnderJob" time="0.000">
    <skipped/>
  </testcase> <!-- addAttachmentUnderJob -->
  <system-out/>
  <testcase classname="testcases.JobTest" name="deleteExistingAttachmentUnderJobByCheckbox" time="0.000">
    <skipped/>
  </testcase> <!-- deleteExistingAttachmentUnderJobByCheckbox -->
  <system-out/>
  <testcase classname="testcases.JobTest" name="downloadExistingAttachmentUnderImmigrationRecord" time="0.000">
    <skipped/>
  </testcase> <!-- downloadExistingAttachmentUnderImmigrationRecord -->
  <system-out/>
</testsuite> <!-- testcases.JobTest -->
