<?xml version="1.0" encoding="UTF-8"?>
<!-- Generated by org.testng.reporters.JUnitReportReporter -->
<testsuite hostname="LAPTOP-5SF9L84S" failures="0" tests="5" name="testcases.AddEmployeeTest" time="0.000" errors="0" timestamp="2023-09-08T18:45:21 IST" skipped="5">
  <testcase classname="testcases.AddEmployeeTest" name="addNewEmployee" time="0.000">
    <skipped/>
  </testcase> <!-- addNewEmployee -->
  <system-out/>
  <testcase classname="testcases.AddEmployeeTest" name="createEmployeeWithBlankFirstnameAndLastName" time="0.000">
    <skipped/>
  </testcase> <!-- createEmployeeWithBlankFirstnameAndLastName -->
  <system-out/>
  <testcase classname="testcases.AddEmployeeTest" name="addEmployeeAndCreateLoginDetails" time="0.000">
    <skipped/>
  </testcase> <!-- addEmployeeAndCreateLoginDetails -->
  <system-out/>
  <testcase classname="testcases.AddEmployeeTest" name="addEmployeeAndCreateCredentialsWithInvalidData" time="0.000">
    <skipped/>
  </testcase> <!-- addEmployeeAndCreateCredentialsWithInvalidData -->
  <system-out/>
  <testcase classname="testcases.AddEmployeeTest" name="loginWithNewLoginCredentials" time="0.000">
    <skipped/>
  </testcase> <!-- loginWithNewLoginCredentials -->
  <system-out/>
</testsuite> <!-- testcases.AddEmployeeTest -->
